<?xml version="1.0" encoding="UTF-8"?>
<testsuites tests="6" failures="0" disabled="0" errors="0" time="0" timestamp="2025-06-11T19:40:51.803" name="AllTests">
  <testsuite name="StringProcessorTest" tests="3" failures="0" disabled="0" skipped="0" errors="0" time="0" timestamp="2025-06-11T19:40:51.804">
    <testcase name="ValidStringReturnsTrue" file="/Users/zelaplagg/Projects/lab4-ci-macos1/tests/test_stringProcessor.cpp" line="3" status="run" result="completed" time="0" timestamp="2025-06-11T19:40:51.804" classname="StringProcessorTest" />
    <testcase name="EmptyStringReturnsFalse" file="/Users/zelaplagg/Projects/lab4-ci-macos1/tests/test_stringProcessor.cpp" line="6" status="run" result="completed" time="0" timestamp="2025-06-11T19:40:51.804" classname="StringProcessorTest" />
    <testcase name="InvalidCharsReturnsFalse" file="/Users/zelaplagg/Projects/lab4-ci-macos1/tests/test_stringProcessor.cpp" line="9" status="run" result="completed" time="0" timestamp="2025-06-11T19:40:51.804" classname="StringProcessorTest" />
  </testsuite>
  <testsuite name="SortAlgorithmsTest" tests="3" failures="0" disabled="0" skipped="0" errors="0" time="0" timestamp="2025-06-11T19:40:51.804">
    <testcase name="SortsCorrectly" file="/Users/zelaplagg/Projects/lab4-ci-macos1/tests/test_sortAlgorithms.cpp" line="5" status="run" result="completed" time="0" timestamp="2025-06-11T19:40:51.804" classname="SortAlgorithmsTest" />
    <testcase name="EmptyVector" file="/Users/zelaplagg/Projects/lab4-ci-macos1/tests/test_sortAlgorithms.cpp" line="10" status="run" result="completed" time="0" timestamp="2025-06-11T19:40:51.804" classname="SortAlgorithmsTest" />
    <testcase name="SingleElement" file="/Users/zelaplagg/Projects/lab4-ci-macos1/tests/test_sortAlgorithms.cpp" line="15" status="run" result="completed" time="0" timestamp="2025-06-11T19:40:51.804" classname="SortAlgorithmsTest" />
  </testsuite>
</testsuites>
